<?xml version="1.0" encoding="UTF-8"?>
<testsuites>
    <testsuite name="force.apex" timestamp="2020-07-02T16:44:50+03:00" hostname="https://resilient-otter-pzmmjt-dev-ed.my.salesforce.com" tests="1" failures="1"  errors="0"  time="0.06">
        <properties>
            <property name="outcome" value="Failed"/>
            <property name="testsRan" value="1"/>
            <property name="passing" value="0"/>
            <property name="failing" value="1"/>
            <property name="skipped" value="0"/>
            <property name="passRate" value="0%"/>
            <property name="failRate" value="100%"/>
            <property name="testStartTime" value="Jul 2, 2020 4:44 PM"/>
            <property name="testExecutionTime" value="0.06 s"/>
            <property name="testTotalTime" value="0.06 s"/>
            <property name="commandTime" value="9.24 s"/>
            <property name="hostname" value="https://resilient-otter-pzmmjt-dev-ed.my.salesforce.com"/>
            <property name="orgId" value="00D2x000005OWegEAG"/>
            <property name="username" value="rubahin@resilient-otter-pzmmjt.com"/>
            <property name="testRunId" value="7072x00000OkEz6"/>
            <property name="userId" value="0052x000002CYEbAAO"/>
            <property name="testRunCoverage" value="36%"/>
            <property name="orgWideCoverage" value="6%"/>
        </properties>
        <testcase name="checkPickList_Negative" classname="TestInlineEditCtrl" time="0.06">
            <failure message="System.AssertException: Assertion Failed: Expected: ({label=Test, value=Test}, {label=Test, value=Test}, {label=Test, value=Test}), Actual: ({label=Hot, value=Hot}, {label=Warm, value=Warm}, {label=Cold, value=Cold})"><![CDATA[Class.TestInlineEditCtrl.checkPickList_Negative: line 141, column 1]]></failure>
        </testcase>
    </testsuite>
</testsuites>
